<?xml version="1.0" encoding="UTF-8"?>
<testng-results ignored="0" total="4" passed="4" failed="0" skipped="0">
  <reporter-output>
  </reporter-output>
  <suite started-at="2021-04-22T17:51:45Z" name="TestSuite" finished-at="2021-04-22T17:51:51Z" duration-ms="5692">
    <groups>
    </groups>
    <test started-at="2021-04-22T17:51:45Z" name="Test" finished-at="2021-04-22T17:51:51Z" duration-ms="5692">
      <class name="TestNG.NewTest3">
        <test-method signature="Test3()[pri:0, instance:TestNG.NewTest3@7d898981]" started-at="2021-04-22T17:51:49Z" name="Test3" finished-at="2021-04-22T17:51:49Z" duration-ms="6" status="PASS">
          <reporter-output>
          </reporter-output>
        </test-method> <!-- Test3 -->
      </class> <!-- TestNG.NewTest3 -->
      <class name="TestNG.NewTest2">
        <test-method signature="Test2()[pri:0, instance:TestNG.NewTest2@48d61b48]" started-at="2021-04-22T17:51:49Z" name="Test2" finished-at="2021-04-22T17:51:49Z" duration-ms="1" status="PASS">
          <reporter-output>
          </reporter-output>
        </test-method> <!-- Test2 -->
      </class> <!-- TestNG.NewTest2 -->
      <class name="TestNG.NewTestNG">
        <test-method is-config="true" signature="BeforeT()[pri:0, instance:TestNG.NewTestNG@282cb7c7]" started-at="2021-04-22T17:51:45Z" name="BeforeT" finished-at="2021-04-22T17:51:49Z" duration-ms="3916" status="PASS">
          <reporter-output>
          </reporter-output>
        </test-method> <!-- BeforeT -->
        <test-method signature="tes2()[pri:0, instance:TestNG.NewTestNG@282cb7c7]" started-at="2021-04-22T17:51:49Z" name="tes2" finished-at="2021-04-22T17:51:49Z" duration-ms="209" status="PASS">
          <reporter-output>
          </reporter-output>
        </test-method> <!-- tes2 -->
        <test-method signature="test()[pri:1, instance:TestNG.NewTestNG@282cb7c7]" started-at="2021-04-22T17:51:49Z" name="test" finished-at="2021-04-22T17:51:51Z" duration-ms="1365" status="PASS">
          <reporter-output>
          </reporter-output>
        </test-method> <!-- test -->
        <test-method is-config="true" signature="AfterT()[pri:0, instance:TestNG.NewTestNG@282cb7c7]" started-at="2021-04-22T17:51:51Z" name="AfterT" finished-at="2021-04-22T17:51:51Z" duration-ms="160" status="PASS">
          <reporter-output>
          </reporter-output>
        </test-method> <!-- AfterT -->
      </class> <!-- TestNG.NewTestNG -->
    </test> <!-- Test -->
  </suite> <!-- TestSuite -->
</testng-results>
