<?xml version="1.0" encoding="UTF-8"?>
<!-- Generated by org.testng.reporters.JUnitXMLReporter -->
<testsuite ignored="0" hostname="DESKTOP-9DVV25U" failures="0" tests="4" name="Test" time="5.692" errors="0" timestamp="22 Apr. 2021 17:51:51 GMT">
  <testcase classname="TestNG.NewTest3" name="Test3" time="0.006"/>
  <testcase classname="TestNG.NewTestNG" name="tes2" time="0.209"/>
  <testcase classname="TestNG.NewTest2" name="Test2" time="0.001"/>
  <testcase classname="TestNG.NewTestNG" name="test" time="1.365"/>
</testsuite> <!-- Test -->
